<?xml version="1.0" encoding="UTF-8"?>
<!-- Generated by org.testng.reporters.JUnitXMLReporter -->
<testsuite ignored="0" hostname="DESKTOP-1EQ7H6N" failures="1" tests="10" name="Surefire test" time="232.81" errors="0" timestamp="2021-03-01T11:19:41 IST">
  <testcase classname="com.crm.qa.testcases.AddCustomersPageTest" name="addCustomer" time="13.909"/>
  <testcase classname="com.crm.qa.testcases.CustomerPageTest" name="CustomersPageTitleTest" time="10.027"/>
  <testcase classname="com.crm.qa.testcases.CustomerPageTest" name="CustomersPageLogoTest" time="10.064">
    <failure type="java.lang.AssertionError" message="expected [Customers] but found [Customers
Add new
Export
 ]">
      <![CDATA[java.lang.AssertionError: expected [Customers] but found [Customers
Add new
Export
 ]
at com.crm.qa.testcases.CustomerPageTest.CustomersPageLogoTest(CustomerPageTest.java:54)
at java.base/java.util.ArrayList.forEach(ArrayList.java:1511)
... Removed 38 stack frames]]>
    </failure>
  </testcase> <!-- CustomersPageLogoTest -->
  <testcase classname="com.crm.qa.testcases.CustomerPageTest" name="clickOnAddNewCustomerTest" time="18.26"/>
  <testcase classname="com.crm.qa.testcases.HomePageTest" name="homePageTitleTest" time="10.011"/>
  <testcase classname="com.crm.qa.testcases.HomePageTest" name="clickOnCustomersMenuTest" time="10.22"/>
  <testcase classname="com.crm.qa.testcases.HomePageTest" name="clickOnCustomersMenuItem" time="27.096"/>
  <testcase classname="com.crm.qa.testcases.LoginPageTest" name="loginPageTitleTest" time="0.011"/>
  <testcase classname="com.crm.qa.testcases.LoginPageTest" name="AdminAreaLogoTest" time="0.053"/>
  <testcase classname="com.crm.qa.testcases.LoginPageTest" name="loginTest" time="7.308"/>
</testsuite> <!-- Surefire test -->
