<?xml version="1.0" encoding="UTF-8"?>
<testng-results ignored="0" total="10" passed="9" failed="1" skipped="0">
  <reporter-output>
  </reporter-output>
  <suite started-at="2021-03-01T11:15:48 IST" name="Surefire suite" finished-at="2021-03-01T11:19:41 IST" duration-ms="232810">
    <groups>
    </groups>
    <test started-at="2021-03-01T11:15:48 IST" name="Surefire test" finished-at="2021-03-01T11:19:41 IST" duration-ms="232810">
      <class name="com.crm.qa.testcases.AddCustomersPageTest">
        <test-method is-config="true" signature="setUp()[pri:0, instance:com.crm.qa.testcases.AddCustomersPageTest@15761df8]" started-at="2021-03-01T11:15:49 IST" name="setUp" finished-at="2021-03-01T11:16:08 IST" duration-ms="18523" status="PASS">
          <reporter-output>
          </reporter-output>
        </test-method> <!-- setUp -->
        <test-method signature="addCustomer(java.lang.String, java.lang.String, java.lang.String, java.lang.String, java.lang.String, java.lang.String, java.lang.String, java.lang.String)[pri:1, instance:com.crm.qa.testcases.AddCustomersPageTest@15761df8]" started-at="2021-03-01T11:16:08 IST" name="addCustomer" data-provider="getNopTestData" finished-at="2021-03-01T11:16:22 IST" duration-ms="13909" status="PASS">
          <params>
            <param index="0">
              <value>
                <![CDATA[test123]]>
              </value>
            </param>
            <param index="1">
              <value>
                <![CDATA[Ishan]]>
              </value>
            </param>
            <param index="2">
              <value>
                <![CDATA[Dhaliwal]]>
              </value>
            </param>
            <param index="3">
              <value>
                <![CDATA[Male]]>
              </value>
            </param>
            <param index="4">
              <value>
                <![CDATA[23-Feb-1986]]>
              </value>
            </param>
            <param index="5">
              <value>
                <![CDATA[FIS Global]]>
              </value>
            </param>
            <param index="6">
              <value>
                <![CDATA[Vendor 1]]>
              </value>
            </param>
            <param index="7">
              <value>
                <![CDATA[ This is Admin Content]]>
              </value>
            </param>
          </params>
          <reporter-output>
          </reporter-output>
        </test-method> <!-- addCustomer -->
        <test-method is-config="true" signature="tearDown()[pri:0, instance:com.crm.qa.testcases.AddCustomersPageTest@15761df8]" started-at="2021-03-01T11:16:22 IST" name="tearDown" finished-at="2021-03-01T11:16:22 IST" duration-ms="772" status="PASS">
          <reporter-output>
          </reporter-output>
        </test-method> <!-- tearDown -->
      </class> <!-- com.crm.qa.testcases.AddCustomersPageTest -->
      <class name="com.crm.qa.testcases.HomePageTest">
        <test-method is-config="true" signature="setUp()[pri:0, instance:com.crm.qa.testcases.HomePageTest@327b636c]" started-at="2021-03-01T11:17:53 IST" name="setUp" finished-at="2021-03-01T11:18:05 IST" duration-ms="12394" status="PASS">
          <reporter-output>
          </reporter-output>
        </test-method> <!-- setUp -->
        <test-method signature="homePageTitleTest()[pri:1, instance:com.crm.qa.testcases.HomePageTest@327b636c]" started-at="2021-03-01T11:18:05 IST" name="homePageTitleTest" finished-at="2021-03-01T11:18:15 IST" duration-ms="10011" status="PASS">
          <reporter-output>
          </reporter-output>
        </test-method> <!-- homePageTitleTest -->
        <test-method is-config="true" signature="tearDown()[pri:0, instance:com.crm.qa.testcases.HomePageTest@327b636c]" started-at="2021-03-01T11:18:15 IST" name="tearDown" finished-at="2021-03-01T11:18:16 IST" duration-ms="748" status="PASS">
          <reporter-output>
          </reporter-output>
        </test-method> <!-- tearDown -->
        <test-method is-config="true" signature="setUp()[pri:0, instance:com.crm.qa.testcases.HomePageTest@327b636c]" started-at="2021-03-01T11:18:16 IST" name="setUp" finished-at="2021-03-01T11:18:27 IST" duration-ms="11179" status="PASS">
          <reporter-output>
          </reporter-output>
        </test-method> <!-- setUp -->
        <test-method signature="clickOnCustomersMenuTest()[pri:2, instance:com.crm.qa.testcases.HomePageTest@327b636c]" started-at="2021-03-01T11:18:27 IST" name="clickOnCustomersMenuTest" finished-at="2021-03-01T11:18:37 IST" duration-ms="10220" status="PASS">
          <reporter-output>
          </reporter-output>
        </test-method> <!-- clickOnCustomersMenuTest -->
        <test-method is-config="true" signature="tearDown()[pri:0, instance:com.crm.qa.testcases.HomePageTest@327b636c]" started-at="2021-03-01T11:18:37 IST" name="tearDown" finished-at="2021-03-01T11:18:38 IST" duration-ms="860" status="PASS">
          <reporter-output>
          </reporter-output>
        </test-method> <!-- tearDown -->
        <test-method is-config="true" signature="setUp()[pri:0, instance:com.crm.qa.testcases.HomePageTest@327b636c]" started-at="2021-03-01T11:18:38 IST" name="setUp" finished-at="2021-03-01T11:18:50 IST" duration-ms="12210" status="PASS">
          <reporter-output>
          </reporter-output>
        </test-method> <!-- setUp -->
        <test-method signature="clickOnCustomersMenuItem()[pri:3, instance:com.crm.qa.testcases.HomePageTest@327b636c]" started-at="2021-03-01T11:18:50 IST" name="clickOnCustomersMenuItem" finished-at="2021-03-01T11:19:17 IST" duration-ms="27096" status="PASS">
          <reporter-output>
          </reporter-output>
        </test-method> <!-- clickOnCustomersMenuItem -->
        <test-method is-config="true" signature="tearDown()[pri:0, instance:com.crm.qa.testcases.HomePageTest@327b636c]" started-at="2021-03-01T11:19:17 IST" name="tearDown" finished-at="2021-03-01T11:19:18 IST" duration-ms="752" status="PASS">
          <reporter-output>
          </reporter-output>
        </test-method> <!-- tearDown -->
      </class> <!-- com.crm.qa.testcases.HomePageTest -->
      <class name="com.crm.qa.testcases.LoginPageTest">
        <test-method is-config="true" signature="setup()[pri:0, instance:com.crm.qa.testcases.LoginPageTest@45dd4eda]" started-at="2021-03-01T11:19:18 IST" name="setup" finished-at="2021-03-01T11:19:22 IST" duration-ms="4216" status="PASS">
          <reporter-output>
          </reporter-output>
        </test-method> <!-- setup -->
        <test-method signature="loginPageTitleTest()[pri:1, instance:com.crm.qa.testcases.LoginPageTest@45dd4eda]" started-at="2021-03-01T11:19:22 IST" name="loginPageTitleTest" finished-at="2021-03-01T11:19:22 IST" duration-ms="11" status="PASS">
          <reporter-output>
          </reporter-output>
        </test-method> <!-- loginPageTitleTest -->
        <test-method is-config="true" signature="tearDown()[pri:0, instance:com.crm.qa.testcases.LoginPageTest@45dd4eda]" started-at="2021-03-01T11:19:22 IST" name="tearDown" finished-at="2021-03-01T11:19:23 IST" duration-ms="681" status="PASS">
          <reporter-output>
          </reporter-output>
        </test-method> <!-- tearDown -->
        <test-method is-config="true" signature="setup()[pri:0, instance:com.crm.qa.testcases.LoginPageTest@45dd4eda]" started-at="2021-03-01T11:19:23 IST" name="setup" finished-at="2021-03-01T11:19:27 IST" duration-ms="4149" status="PASS">
          <reporter-output>
          </reporter-output>
        </test-method> <!-- setup -->
        <test-method signature="AdminAreaLogoTest()[pri:2, instance:com.crm.qa.testcases.LoginPageTest@45dd4eda]" started-at="2021-03-01T11:19:27 IST" name="AdminAreaLogoTest" finished-at="2021-03-01T11:19:27 IST" duration-ms="53" status="PASS">
          <reporter-output>
          </reporter-output>
        </test-method> <!-- AdminAreaLogoTest -->
        <test-method is-config="true" signature="tearDown()[pri:0, instance:com.crm.qa.testcases.LoginPageTest@45dd4eda]" started-at="2021-03-01T11:19:27 IST" name="tearDown" finished-at="2021-03-01T11:19:29 IST" duration-ms="1200" status="PASS">
          <reporter-output>
          </reporter-output>
        </test-method> <!-- tearDown -->
        <test-method is-config="true" signature="setup()[pri:0, instance:com.crm.qa.testcases.LoginPageTest@45dd4eda]" started-at="2021-03-01T11:19:29 IST" name="setup" finished-at="2021-03-01T11:19:33 IST" duration-ms="4421" status="PASS">
          <reporter-output>
          </reporter-output>
        </test-method> <!-- setup -->
        <test-method signature="loginTest()[pri:3, instance:com.crm.qa.testcases.LoginPageTest@45dd4eda]" started-at="2021-03-01T11:19:33 IST" name="loginTest" finished-at="2021-03-01T11:19:40 IST" duration-ms="7308" status="PASS">
          <reporter-output>
          </reporter-output>
        </test-method> <!-- loginTest -->
        <test-method is-config="true" signature="tearDown()[pri:0, instance:com.crm.qa.testcases.LoginPageTest@45dd4eda]" started-at="2021-03-01T11:19:40 IST" name="tearDown" finished-at="2021-03-01T11:19:41 IST" duration-ms="750" status="PASS">
          <reporter-output>
          </reporter-output>
        </test-method> <!-- tearDown -->
      </class> <!-- com.crm.qa.testcases.LoginPageTest -->
      <class name="com.crm.qa.testcases.CustomerPageTest">
        <test-method is-config="true" signature="setUp()[pri:0, instance:com.crm.qa.testcases.CustomerPageTest@6ab7a896]" started-at="2021-03-01T11:16:22 IST" name="setUp" finished-at="2021-03-01T11:16:37 IST" duration-ms="14804" status="PASS">
          <reporter-output>
          </reporter-output>
        </test-method> <!-- setUp -->
        <test-method signature="CustomersPageTitleTest()[pri:1, instance:com.crm.qa.testcases.CustomerPageTest@6ab7a896]" started-at="2021-03-01T11:16:37 IST" name="CustomersPageTitleTest" finished-at="2021-03-01T11:16:47 IST" duration-ms="10027" status="PASS">
          <reporter-output>
          </reporter-output>
        </test-method> <!-- CustomersPageTitleTest -->
        <test-method is-config="true" signature="tearDown()[pri:0, instance:com.crm.qa.testcases.CustomerPageTest@6ab7a896]" started-at="2021-03-01T11:16:47 IST" name="tearDown" finished-at="2021-03-01T11:16:48 IST" duration-ms="749" status="PASS">
          <reporter-output>
          </reporter-output>
        </test-method> <!-- tearDown -->
        <test-method is-config="true" signature="setUp()[pri:0, instance:com.crm.qa.testcases.CustomerPageTest@6ab7a896]" started-at="2021-03-01T11:16:48 IST" name="setUp" finished-at="2021-03-01T11:17:11 IST" duration-ms="22599" status="PASS">
          <reporter-output>
          </reporter-output>
        </test-method> <!-- setUp -->
        <test-method signature="CustomersPageLogoTest()[pri:2, instance:com.crm.qa.testcases.CustomerPageTest@6ab7a896]" started-at="2021-03-01T11:17:11 IST" name="CustomersPageLogoTest" finished-at="2021-03-01T11:17:21 IST" duration-ms="10064" status="FAIL">
          <exception class="java.lang.AssertionError">
            <message>
              <![CDATA[expected [Customers] but found [Customers
Add new
Export
 ]]]>
            </message>
            <full-stacktrace>
              <![CDATA[java.lang.AssertionError: expected [Customers] but found [Customers
Add new
Export
 ]
at org.testng.Assert.fail(Assert.java:99)
at org.testng.Assert.failNotEquals(Assert.java:1037)
at org.testng.Assert.assertEqualsImpl(Assert.java:140)
at org.testng.Assert.assertEquals(Assert.java:122)
at org.testng.Assert.assertEquals(Assert.java:629)
at org.testng.Assert.assertEquals(Assert.java:639)
at com.crm.qa.testcases.CustomerPageTest.CustomersPageLogoTest(CustomerPageTest.java:54)
at java.base/jdk.internal.reflect.NativeMethodAccessorImpl.invoke0(Native Method)
at java.base/jdk.internal.reflect.NativeMethodAccessorImpl.invoke(NativeMethodAccessorImpl.java:64)
at java.base/jdk.internal.reflect.DelegatingMethodAccessorImpl.invoke(DelegatingMethodAccessorImpl.java:43)
at java.base/java.lang.reflect.Method.invoke(Method.java:564)
at org.testng.internal.MethodInvocationHelper.invokeMethod(MethodInvocationHelper.java:132)
at org.testng.internal.TestInvoker.invokeMethod(TestInvoker.java:599)
at org.testng.internal.TestInvoker.invokeTestMethod(TestInvoker.java:174)
at org.testng.internal.MethodRunner.runInSequence(MethodRunner.java:46)
at org.testng.internal.TestInvoker$MethodInvocationAgent.invoke(TestInvoker.java:822)
at org.testng.internal.TestInvoker.invokeTestMethods(TestInvoker.java:147)
at org.testng.internal.TestMethodWorker.invokeTestMethods(TestMethodWorker.java:146)
at org.testng.internal.TestMethodWorker.run(TestMethodWorker.java:128)
at java.base/java.util.ArrayList.forEach(ArrayList.java:1511)
at org.testng.TestRunner.privateRun(TestRunner.java:764)
at org.testng.TestRunner.run(TestRunner.java:585)
at org.testng.SuiteRunner.runTest(SuiteRunner.java:384)
at org.testng.SuiteRunner.runSequentially(SuiteRunner.java:378)
at org.testng.SuiteRunner.privateRun(SuiteRunner.java:337)
at org.testng.SuiteRunner.run(SuiteRunner.java:286)
at org.testng.SuiteRunnerWorker.runSuite(SuiteRunnerWorker.java:53)
at org.testng.SuiteRunnerWorker.run(SuiteRunnerWorker.java:96)
at org.testng.TestNG.runSuitesSequentially(TestNG.java:1218)
at org.testng.TestNG.runSuitesLocally(TestNG.java:1140)
at org.testng.TestNG.runSuites(TestNG.java:1069)
at org.testng.TestNG.run(TestNG.java:1037)
at org.apache.maven.surefire.testng.TestNGExecutor.run(TestNGExecutor.java:135)
at org.apache.maven.surefire.testng.TestNGDirectoryTestSuite.executeMulti(TestNGDirectoryTestSuite.java:193)
at org.apache.maven.surefire.testng.TestNGDirectoryTestSuite.execute(TestNGDirectoryTestSuite.java:94)
at org.apache.maven.surefire.testng.TestNGProvider.invoke(TestNGProvider.java:146)
at org.apache.maven.surefire.booter.ForkedBooter.invokeProviderInSameClassLoader(ForkedBooter.java:384)
at org.apache.maven.surefire.booter.ForkedBooter.runSuitesInProcess(ForkedBooter.java:345)
at org.apache.maven.surefire.booter.ForkedBooter.execute(ForkedBooter.java:126)
at org.apache.maven.surefire.booter.ForkedBooter.main(ForkedBooter.java:418)
]]>
            </full-stacktrace>
          </exception> <!-- java.lang.AssertionError -->
          <reporter-output>
          </reporter-output>
        </test-method> <!-- CustomersPageLogoTest -->
        <test-method is-config="true" signature="tearDown()[pri:0, instance:com.crm.qa.testcases.CustomerPageTest@6ab7a896]" started-at="2021-03-01T11:17:21 IST" name="tearDown" finished-at="2021-03-01T11:17:21 IST" duration-ms="745" status="PASS">
          <reporter-output>
          </reporter-output>
        </test-method> <!-- tearDown -->
        <test-method is-config="true" signature="setUp()[pri:0, instance:com.crm.qa.testcases.CustomerPageTest@6ab7a896]" started-at="2021-03-01T11:17:21 IST" name="setUp" finished-at="2021-03-01T11:17:34 IST" duration-ms="12356" status="PASS">
          <reporter-output>
          </reporter-output>
        </test-method> <!-- setUp -->
        <test-method signature="clickOnAddNewCustomerTest()[pri:3, instance:com.crm.qa.testcases.CustomerPageTest@6ab7a896]" started-at="2021-03-01T11:17:34 IST" name="clickOnAddNewCustomerTest" finished-at="2021-03-01T11:17:52 IST" duration-ms="18260" status="PASS">
          <reporter-output>
          </reporter-output>
        </test-method> <!-- clickOnAddNewCustomerTest -->
        <test-method is-config="true" signature="tearDown()[pri:0, instance:com.crm.qa.testcases.CustomerPageTest@6ab7a896]" started-at="2021-03-01T11:17:52 IST" name="tearDown" finished-at="2021-03-01T11:17:53 IST" duration-ms="748" status="PASS">
          <reporter-output>
          </reporter-output>
        </test-method> <!-- tearDown -->
      </class> <!-- com.crm.qa.testcases.CustomerPageTest -->
    </test> <!-- Surefire test -->
  </suite> <!-- Surefire suite -->
</testng-results>
